<?xml version="1.0" encoding="UTF-8"?>
<!-- Generated by org.testng.reporters.JUnitReportReporter -->
<testsuite hostname="DESKTOP-21H3QC5" failures="0" tests="1" name="utils.MyTest" time="0.034" errors="0" timestamp="2023-10-03T16:58:41 IST" skipped="0">
  <testcase classname="utils.MyTest" name="myTest" time="0.034"/>
  <system-out/>
</testsuite> <!-- utils.MyTest -->
